Thu 21 Mar 2024 06:46:18 PM UTC: 
 tests:  0|5
total_score: 0/70
574699c
Thu 21 Mar 2024 06:56:45 PM UTC: 
 exercises.c | 9 ++++++++-
 1 file changed, 8 insertions(+), 1 deletion(-)
In file included from test.c:5:
exercises.c: In function ‘sumaLista’:
exercises.c:57:22: error: expected expression before ‘int’
   57 |   for (int i =0; i < int get_size(List *L; i++)
      |                      ^~~
exercises.c:64:1: error: expected expression before ‘}’ token
   64 | }
      | ^
exercises.c:64:1: error: expected expression before ‘}’ token
exercises.c:56:7: error: unused variable ‘suma’ [-Werror=unused-variable]
   56 |   int suma = 0;
      |       ^~~~
exercises.c:64:1: error: control reaches end of non-void function [-Werror=return-type]
   64 | }
      | ^
cc1: all warnings being treated as errors
Compilation failed
f99b80e
Thu 21 Mar 2024 06:57:04 PM UTC: 
 exercises.c | 2 +-
 1 file changed, 1 insertion(+), 1 deletion(-)
In file included from test.c:5:
exercises.c: In function ‘sumaLista’:
exercises.c:57:23: error: expected expression before ‘int’
   57 |   for (int i = 0; i < int get_size(List *L); i++)
      |                       ^~~
exercises.c:59:16: error: invalid use of incomplete typedef ‘List’
   59 |       suma += L->data[i];
      |                ^~
Compilation failed
d5e70e4
Thu 21 Mar 2024 07:00:08 PM UTC: 
 exercises.c | 3 ++-
 1 file changed, 2 insertions(+), 1 deletion(-)
In file included from test.c:5:
exercises.c: In function ‘sumaLista’:
exercises.c:60:16: error: invalid use of incomplete typedef ‘List’
   60 |       suma += L->data[i];
      |                ^~
Compilation failed
137f6fe
Thu 21 Mar 2024 07:02:56 PM UTC: 
 exercises.c | 2 +-
 1 file changed, 1 insertion(+), 1 deletion(-)
 tests:  0|5
total_score: 0/70
24c6d99
Thu 21 Mar 2024 07:03:19 PM UTC: 
 exercises.c | 2 +-
 1 file changed, 1 insertion(+), 1 deletion(-)
 tests:  0|5
total_score: 0/70
b8b8d2a
Thu 21 Mar 2024 07:09:04 PM UTC: 
 exercises.c | 10 +++++++++-
 1 file changed, 9 insertions(+), 1 deletion(-)
In file included from test.c:5:
exercises.c: In function ‘sumaLista’:
exercises.c:68:15: error: implicit declaration of function ‘Front’ [-Werror=implicit-function-declaration]
   68 |       suma += Front(L);
      |               ^~~~~
exercises.c:69:7: error: implicit declaration of function ‘PopFront’; did you mean ‘popFront’? [-Werror=implicit-function-declaration]
   69 |       PopFront(L);
      |       ^~~~~~~~
      |       popFront
cc1: all warnings being treated as errors
Compilation failed
d36fbf3
Thu 21 Mar 2024 07:13:48 PM UTC: 
 exercises.c | 16 ++++++++--------
 1 file changed, 8 insertions(+), 8 deletions(-)
In file included from test.c:5:
exercises.c: In function ‘sumaLista’:
exercises.c:57:7: error: redefinition of ‘suma’
   57 |   int suma = 0;
      |       ^~~~
exercises.c:56:7: note: previous definition of ‘suma’ with type ‘int’
   56 |   int suma = 0;
      |       ^~~~
exercises.c:68:12: error: expected expression before ‘List’
   68 |       next(List L);
      |            ^~~~
exercises.c:69:7: error: implicit declaration of function ‘PopFront’; did you mean ‘popFront’? [-Werror=implicit-function-declaration]
   69 |       PopFront(L);
      |       ^~~~~~~~
      |       popFront
cc1: all warnings being treated as errors
Compilation failed
2cea37d
Thu 21 Mar 2024 07:17:06 PM UTC: 
 exercises.c | 18 +++++++-----------
 1 file changed, 7 insertions(+), 11 deletions(-)
In file included from test.c:5:
exercises.c: In function ‘sumaLista’:
exercises.c:61:15: error: implicit declaration of function ‘Front’ [-Werror=implicit-function-declaration]
   61 |       suma += Front(List* L);
      |               ^~~~~
exercises.c:61:21: error: expected expression before ‘List’
   61 |       suma += Front(List* L);
      |                     ^~~~
exercises.c:64:3: error: expected statement before ‘)’ token
   64 |   )
      |   ^
cc1: all warnings being treated as errors
Compilation failed
366869c
Thu 21 Mar 2024 07:17:12 PM UTC: 
 exercises.c | 2 +-
 1 file changed, 1 insertion(+), 1 deletion(-)
In file included from test.c:5:
exercises.c: In function ‘sumaLista’:
exercises.c:61:15: error: implicit declaration of function ‘Front’ [-Werror=implicit-function-declaration]
   61 |       suma += Front(L);
      |               ^~~~~
exercises.c:64:3: error: expected statement before ‘)’ token
   64 |   )
      |   ^
cc1: all warnings being treated as errors
Compilation failed
d8ff822
Thu 21 Mar 2024 07:17:18 PM UTC: 
 exercises.c | 2 +-
 1 file changed, 1 insertion(+), 1 deletion(-)
In file included from test.c:5:
exercises.c: In function ‘sumaLista’:
exercises.c:61:15: error: implicit declaration of function ‘Front’ [-Werror=implicit-function-declaration]
   61 |       suma += Front(L);
      |               ^~~~~
cc1: all warnings being treated as errors
Compilation failed
26555a1
Thu 21 Mar 2024 07:19:54 PM UTC: 
 exercises.c | 3 ++-
 1 file changed, 2 insertions(+), 1 deletion(-)
In file included from test.c:5:
exercises.c: In function ‘sumaLista’:
exercises.c:59:3: error: expected ‘,’ or ‘;’ before ‘int’
   59 |   int tamano = get_size(L);
      |   ^~~
exercises.c:60:24: error: ‘tamano’ undeclared (first use in this function)
   60 |   for (int i = 0; i <= tamano; i++)
      |                        ^~~~~~
exercises.c:60:24: note: each undeclared identifier is reported only once for each function it appears in
Compilation failed
3016392
Thu 21 Mar 2024 07:20:05 PM UTC: 
 exercises.c | 2 +-
 1 file changed, 1 insertion(+), 1 deletion(-)
 tests:  0|5
total_score: 0/70
ad8a1c4
Thu 21 Mar 2024 07:20:34 PM UTC: 
 exercises.c | 2 +-
 1 file changed, 1 insertion(+), 1 deletion(-)
 tests:  0|5
total_score: 0/70
66eb04b
Thu 21 Mar 2024 07:21:26 PM UTC: 
 exercises.c | 1 +
 1 file changed, 1 insertion(+)
In file included from test.c:5:
exercises.c: In function ‘sumaLista’:
exercises.c:63:31: error: expected ‘;’ before ‘}’ token
   63 |       elemento = (int*)next(L)
      |                               ^
      |                               ;
   64 | 
   65 |     }
      |     ~                          
Compilation failed
0d07ba6
Thu 21 Mar 2024 07:21:35 PM UTC: 
 exercises.c | 2 +-
 1 file changed, 1 insertion(+), 1 deletion(-)
 tests:  0|5
total_score: 0/70
708d050
Thu 21 Mar 2024 07:21:44 PM UTC: 
 exercises.c | 2 +-
 1 file changed, 1 insertion(+), 1 deletion(-)
 tests:  0|0
5202a94
Thu 21 Mar 2024 07:23:09 PM UTC: 
 exercises.c | 6 +++---
 1 file changed, 3 insertions(+), 3 deletions(-)
In file included from test.c:5:
exercises.c: In function ‘sumaLista’:
exercises.c:56:7: error: unused variable ‘suma’ [-Werror=unused-variable]
   56 |   int suma = 0;
      |       ^~~~
cc1: all warnings being treated as errors
Compilation failed
d153104
Thu 21 Mar 2024 07:23:17 PM UTC: 
 exercises.c | 2 +-
 1 file changed, 1 insertion(+), 1 deletion(-)
 tests:  0|5
total_score: 0/70
f286c93
Thu 21 Mar 2024 07:25:05 PM UTC: 
 exercises.c | 10 ++++------
 1 file changed, 4 insertions(+), 6 deletions(-)
In file included from test.c:5:
exercises.c: In function ‘sumaLista’:
exercises.c:61:7: error: ‘suma’ undeclared (first use in this function)
   61 |       suma += *elemento;
      |       ^~~~
exercises.c:61:7: note: each undeclared identifier is reported only once for each function it appears in
exercises.c:62:7: error: dereferencing ‘void *’ pointer [-Werror]
   62 |       *popFront(L);
      |       ^~~~~~~~~~~~
cc1: all warnings being treated as errors
Compilation failed
13b16b9
Thu 21 Mar 2024 07:25:11 PM UTC: 
 exercises.c | 2 +-
 1 file changed, 1 insertion(+), 1 deletion(-)
In file included from test.c:5:
exercises.c: In function ‘sumaLista’:
exercises.c:61:7: error: ‘suma’ undeclared (first use in this function)
   61 |       suma += *elemento;
      |       ^~~~
exercises.c:61:7: note: each undeclared identifier is reported only once for each function it appears in
Compilation failed
07b5579
Thu 21 Mar 2024 07:25:28 PM UTC: 
 exercises.c | 4 ++--
 1 file changed, 2 insertions(+), 2 deletions(-)
In file included from test.c:5:
exercises.c: In function ‘sumaLista’:
exercises.c:61:11: error: expected identifier or ‘(’ before ‘=’ token
   61 |       int = suma += *elemento;
      |           ^
exercises.c:60:12: error: unused variable ‘elemento’ [-Werror=unused-variable]
   60 |       int *elemento = (int*)first(L);
      |            ^~~~~~~~
exercises.c:65:10: error: ‘suma’ undeclared (first use in this function)
   65 |   return suma;
      |          ^~~~
exercises.c:65:10: note: each undeclared identifier is reported only once for each function it appears in
exercises.c:67:1: error: control reaches end of non-void function [-Werror=return-type]
   67 | }
      | ^
cc1: all warnings being treated as errors
Compilation failed
58bea35
Thu 21 Mar 2024 07:27:07 PM UTC: 
 exercises.c | 8 ++++----
 1 file changed, 4 insertions(+), 4 deletions(-)
In file included from test.c:5:
exercises.c: In function ‘sumaLista’:
exercises.c:65:10: error: returning ‘int *’ from a function with return type ‘int’ makes integer from pointer without a cast [-Werror=int-conversion]
   65 |   return elemento;
      |          ^~~~~~~~
cc1: all warnings being treated as errors
Compilation failed
87d0dc7
Thu 21 Mar 2024 07:27:19 PM UTC: 
 exercises.c | 2 +-
 1 file changed, 1 insertion(+), 1 deletion(-)
 tests:  0|0
total_score: 0/70
b98aa38
Thu 21 Mar 2024 07:27:56 PM UTC: 
 exercises.c | 8 ++++----
 1 file changed, 4 insertions(+), 4 deletions(-)
In file included from test.c:5:
exercises.c: In function ‘sumaLista’:
exercises.c:58:19: error: comparison between pointer and integer [-Werror]
   58 |   while(*elemento != NULL)
      |                   ^~
exercises.c:65:10: error: returning ‘int *’ from a function with return type ‘int’ makes integer from pointer without a cast [-Werror=int-conversion]
   65 |   return elemento;
      |          ^~~~~~~~
cc1: all warnings being treated as errors
Compilation failed
9ce1846
Thu 21 Mar 2024 07:28:08 PM UTC: 
 exercises.c | 2 +-
 1 file changed, 1 insertion(+), 1 deletion(-)
In file included from test.c:5:
exercises.c: In function ‘sumaLista’:
exercises.c:58:19: error: comparison between pointer and integer [-Werror]
   58 |   while(*elemento != NULL)
      |                   ^~
cc1: all warnings being treated as errors
Compilation failed
2671e13
Thu 21 Mar 2024 07:28:16 PM UTC: 
 exercises.c | 2 +-
 1 file changed, 1 insertion(+), 1 deletion(-)
In file included from test.c:5:
exercises.c: In function ‘sumaLista’:
exercises.c:58:9: error: suggest parentheses around assignment used as truth value [-Werror=parentheses]
   58 |   while(*elemento =! NULL)
      |         ^
cc1: all warnings being treated as errors
Compilation failed
7981ec2
Thu 21 Mar 2024 07:28:38 PM UTC: 
 exercises.c | 2 +-
 1 file changed, 1 insertion(+), 1 deletion(-)
In file included from test.c:5:
exercises.c: In function ‘sumaLista’:
exercises.c:58:21: error: comparison between pointer and integer [-Werror]
   58 |   while((*elemento) != NULL)
      |                     ^~
cc1: all warnings being treated as errors
Compilation failed
b5bde5e
Thu 21 Mar 2024 07:30:01 PM UTC: 
 exercises.c | 2 +-
 1 file changed, 1 insertion(+), 1 deletion(-)
In file included from test.c:5:
exercises.c: In function ‘sumaLista’:
exercises.c:58:11: error: ‘elemento’ undeclared (first use in this function)
   58 |   while((*elemento) != NULL)
      |           ^~~~~~~~
exercises.c:58:11: note: each undeclared identifier is reported only once for each function it appears in
Compilation failed
1932df8
Thu 21 Mar 2024 07:35:11 PM UTC: 
 exercises.c | 6 +++---
 1 file changed, 3 insertions(+), 3 deletions(-)
In file included from test.c:5:
exercises.c: In function ‘sumaLista’:
exercises.c:58:19: error: expected expression before ‘!=’ token
   58 |   while(elemento) != NULL)
      |                   ^~
exercises.c:58:3: error: this ‘while’ clause does not guard... [-Werror=misleading-indentation]
   58 |   while(elemento) != NULL)
      |   ^~~~~
exercises.c:58:26: note: ...this statement, but the latter is misleadingly indented as if it were guarded by the ‘while’
   58 |   while(elemento) != NULL)
      |                          ^
exercises.c:58:26: error: expected statement before ‘)’ token
exercises.c:60:12: error: variable ‘elemento’ set but not used [-Werror=unused-but-set-variable]
   60 |       int *elemento = (int*)first(L);
      |            ^~~~~~~~
cc1: all warnings being treated as errors
Compilation failed
9661b5e
Thu 21 Mar 2024 07:35:21 PM UTC: 
 exercises.c | 2 +-
 1 file changed, 1 insertion(+), 1 deletion(-)
In file included from test.c:5:
exercises.c: In function ‘sumaLista’:
exercises.c:58:19: error: expected expression before ‘!=’ token
   58 |   while(elemento) != NULL)
      |                   ^~
exercises.c:58:3: error: this ‘while’ clause does not guard... [-Werror=misleading-indentation]
   58 |   while(elemento) != NULL)
      |   ^~~~~
exercises.c:58:26: note: ...this statement, but the latter is misleadingly indented as if it were guarded by the ‘while’
   58 |   while(elemento) != NULL)
      |                          ^
exercises.c:58:26: error: expected statement before ‘)’ token
exercises.c:60:12: error: variable ‘elemento’ set but not used [-Werror=unused-but-set-variable]
   60 |       int *elemento = (int*)first(L);
      |            ^~~~~~~~
cc1: all warnings being treated as errors
Compilation failed
02bf813
Thu 21 Mar 2024 07:43:08 PM UTC: 
 exercises.c | 13 +++++--------
 1 file changed, 5 insertions(+), 8 deletions(-)
In file included from test.c:5:
exercises.c:55:20: error: parameter 1 (‘L’) has incomplete type
   55 | int sumaLista(List L)
      |               ~~~~~^
Compilation failed
613b3ee
Thu 21 Mar 2024 07:44:38 PM UTC: 
 exercises.c | 13 ++++++++-----
 1 file changed, 8 insertions(+), 5 deletions(-)
In file included from test.c:5:
exercises.c: In function ‘sumaLista’:
exercises.c:58:19: error: expected expression before ‘!=’ token
   58 |   while(elemento) != NULL)
      |                   ^~
exercises.c:58:3: error: this ‘while’ clause does not guard... [-Werror=misleading-indentation]
   58 |   while(elemento) != NULL)
      |   ^~~~~
exercises.c:58:26: note: ...this statement, but the latter is misleadingly indented as if it were guarded by the ‘while’
   58 |   while(elemento) != NULL)
      |                          ^
exercises.c:58:26: error: expected statement before ‘)’ token
exercises.c:60:12: error: variable ‘elemento’ set but not used [-Werror=unused-but-set-variable]
   60 |       int *elemento = (int*)first(L);
      |            ^~~~~~~~
cc1: all warnings being treated as errors
Compilation failed
2505664
Thu 21 Mar 2024 07:47:29 PM UTC: 
 exercises.c | 2 +-
 1 file changed, 1 insertion(+), 1 deletion(-)
In file included from test.c:5:
exercises.c: In function ‘sumaLista’:
exercises.c:58:19: error: expected expression before ‘!=’ token
   58 |   while(elemento) != NULL)
      |                   ^~
exercises.c:58:3: error: this ‘while’ clause does not guard... [-Werror=misleading-indentation]
   58 |   while(elemento) != NULL)
      |   ^~~~~
exercises.c:58:26: note: ...this statement, but the latter is misleadingly indented as if it were guarded by the ‘while’
   58 |   while(elemento) != NULL)
      |                          ^
exercises.c:58:26: error: expected statement before ‘)’ token
exercises.c:60:12: error: variable ‘elemento’ set but not used [-Werror=unused-but-set-variable]
   60 |       int *elemento = (int*)first(L);
      |            ^~~~~~~~
cc1: all warnings being treated as errors
Compilation failed
ad5a3f0
Thu 21 Mar 2024 07:48:31 PM UTC: 
 exercises.c | 2 +-
 1 file changed, 1 insertion(+), 1 deletion(-)
In file included from test.c:5:
exercises.c: In function ‘sumaLista’:
exercises.c:58:19: error: expected expression before ‘!=’ token
   58 |   while(elemento) != NULL)
      |                   ^~
exercises.c:58:3: error: this ‘while’ clause does not guard... [-Werror=misleading-indentation]
   58 |   while(elemento) != NULL)
      |   ^~~~~
exercises.c:58:26: note: ...this statement, but the latter is misleadingly indented as if it were guarded by the ‘while’
   58 |   while(elemento) != NULL)
      |                          ^
exercises.c:58:26: error: expected statement before ‘)’ token
exercises.c:62:7: error: dereferencing ‘void *’ pointer [-Werror]
   62 |       *popCurrent(L);
      |       ^~~~~~~~~~~~~~
exercises.c:60:12: error: variable ‘elemento’ set but not used [-Werror=unused-but-set-variable]
   60 |       int *elemento = (int*)first(L);
      |            ^~~~~~~~
cc1: all warnings being treated as errors
Compilation failed
4ba8ee4
Thu 21 Mar 2024 07:49:16 PM UTC: 
 exercises.c | 12 ++++++------
 1 file changed, 6 insertions(+), 6 deletions(-)
 tests:  1|4
total_score: 10/70
2eacca8
Thu 21 Mar 2024 07:50:34 PM UTC: 
 exercises.c | 10 +++++-----
 1 file changed, 5 insertions(+), 5 deletions(-)
In file included from test.c:5:
exercises.c: In function ‘sumaLista’:
exercises.c:58:19: error: expected expression before ‘!=’ token
   58 |   while(elemento) != NULL)
      |                   ^~
exercises.c:58:3: error: this ‘while’ clause does not guard... [-Werror=misleading-indentation]
   58 |   while(elemento) != NULL)
      |   ^~~~~
exercises.c:58:26: note: ...this statement, but the latter is misleadingly indented as if it were guarded by the ‘while’
   58 |   while(elemento) != NULL)
      |                          ^
exercises.c:58:26: error: expected statement before ‘)’ token
cc1: all warnings being treated as errors
Compilation failed
f233ac4
Thu 21 Mar 2024 07:51:26 PM UTC: 
 exercises.c | 1 +
 1 file changed, 1 insertion(+)
In file included from test.c:5:
exercises.c: In function ‘sumaLista’:
exercises.c:58:19: error: expected expression before ‘!=’ token
   58 |   while(elemento) != NULL)
      |                   ^~
exercises.c:58:3: error: this ‘while’ clause does not guard... [-Werror=misleading-indentation]
   58 |   while(elemento) != NULL)
      |   ^~~~~
exercises.c:58:26: note: ...this statement, but the latter is misleadingly indented as if it were guarded by the ‘while’
   58 |   while(elemento) != NULL)
      |                          ^
exercises.c:58:26: error: expected statement before ‘)’ token
cc1: all warnings being treated as errors
Compilation failed
667d135
Thu 21 Mar 2024 07:51:47 PM UTC: 
 exercises.c | 2 +-
 1 file changed, 1 insertion(+), 1 deletion(-)
 tests:  1|4
total_score: 10/70
4bfb316
Thu 21 Mar 2024 07:54:00 PM UTC: 
 exercises.c | 18 +++++++++++++++++-
 1 file changed, 17 insertions(+), 1 deletion(-)
In file included from test.c:5:
exercises.c: In function ‘copia_pila’:
exercises.c:94:1: error: expected ‘=’, ‘,’, ‘;’, ‘asm’ or ‘__attribute__’ before ‘{’ token
   94 | {
      | ^
exercises.c:118:41: error: expected ‘=’, ‘,’, ‘;’, ‘asm’ or ‘__attribute__’ before ‘{’ token
  118 | int parentesisBalanceados(char *cadena) {
      |                                         ^
In file included from test.c:6:
arraylist.c:6:1: error: empty declaration [-Werror]
    6 | struct List {
      | ^~~~~~
arraylist.c:12:14: error: storage class specified for parameter ‘List’
   12 | typedef List List;
      |              ^~~~
arraylist.c:14:1: error: expected declaration specifiers before ‘List’
   14 | List* create_list() {
      | ^~~~
arraylist.c:21:13: error: expected declaration specifiers or ‘...’ before ‘List’
   21 | void* first(List *L) {
      |             ^~~~
arraylist.c:29:12: error: expected declaration specifiers or ‘...’ before ‘List’
   29 | void* next(List *L) {
      |            ^~~~
arraylist.c:37:16: error: expected declaration specifiers or ‘...’ before ‘List’
   37 | void pushFront(List *L, void *dato) {
      |                ^~~~
arraylist.c:50:15: error: expected declaration specifiers or ‘...’ before ‘List’
   50 | void pushBack(List *L, void *dato) {
      |               ^~~~
arraylist.c:55:18: error: expected declaration specifiers or ‘...’ before ‘List’
   55 | void pushCurrent(List *L, void *dato) {
      |                  ^~~~
arraylist.c:68:16: error: expected declaration specifiers or ‘...’ before ‘List’
   68 | void* popFront(List *L) {
      |                ^~~~
arraylist.c:80:15: error: expected declaration specifiers or ‘...’ before ‘List’
   80 | void* popBack(List *L) {
      |               ^~~~
arraylist.c:89:18: error: expected declaration specifiers or ‘...’ before ‘List’
   89 | void* popCurrent(List *L) {
      |                  ^~~~
arraylist.c:102:14: error: expected declaration specifiers or ‘...’ before ‘List’
  102 | int get_size(List *L) {
      |              ^~~~
test.c:9:35: error: expected ‘=’, ‘,’, ‘;’, ‘asm’ or ‘__attribute__’ before ‘{’ token
    9 | char * _strdup2(const char * str) {
      |                                   ^
test.c:16:1: error: parameter ‘test_id’ is initialized
   16 | int test_id = -1;
      | ^~~
test.c:19:14: error: expected ‘=’, ‘,’, ‘;’, ‘asm’ or ‘__attribute__’ before ‘{’ token
   19 | int success(){
      |              ^
test.c:24:24: error: expected ‘=’, ‘,’, ‘;’, ‘asm’ or ‘__attribute__’ before ‘{’ token
   24 | void err_msg(char* msg){
      |                        ^
test.c:31:23: error: expected ‘=’, ‘,’, ‘;’, ‘asm’ or ‘__attribute__’ before ‘{’ token
   31 | void ok_msg(char* msg){
      |                       ^
test.c:37:25: error: expected ‘=’, ‘,’, ‘;’, ‘asm’ or ‘__attribute__’ before ‘{’ token
   37 | void info_msg(char* msg){
      |                         ^
test.c:42:75: error: expected ‘=’, ‘,’, ‘;’, ‘asm’ or ‘__attribute__’ before ‘{’ token
   42 | int test_suite(int(*test)(), char* msg, int max_score, int id, int req_id){
      |                                                                           ^
test.c:60:22: error: expected ‘=’, ‘,’, ‘;’, ‘asm’ or ‘__attribute__’ before ‘{’ token
   60 | int test_crea_lista(){
      |                      ^
test.c:84:22: error: expected ‘=’, ‘,’, ‘;’, ‘asm’ or ‘__attribute__’ before ‘{’ token
   84 | int test_suma_lista(){
      |                      ^
test.c:112:28: error: expected ‘=’, ‘,’, ‘;’, ‘asm’ or ‘__attribute__’ before ‘{’ token
  112 | int test_elimina_elemento(){
      |                            ^
test.c:158:22: error: expected ‘=’, ‘,’, ‘;’, ‘asm’ or ‘__attribute__’ before ‘{’ token
  158 | int test_copia_pila(){
      |                      ^
test.c:214:34: error: expected ‘=’, ‘,’, ‘;’, ‘asm’ or ‘__attribute__’ before ‘{’ token
  214 | int test_parentesis_balanceados(){
      |                                  ^
test.c:253:36: error: expected ‘=’, ‘,’, ‘;’, ‘asm’ or ‘__attribute__’ before ‘{’ token
  253 | int main( int argc, char *argv[] ) {
      |                                    ^
In file included from test.c:5:
exercises.c:92:6: error: old-style parameter declarations in prototyped function definition
   92 | void copia_pila(Stack* P1, Stack* P2)
      |      ^~~~~~~~~~
test.c:272: error: expected ‘{’ at end of input
cc1: all warnings being treated as errors
Compilation failed
c575f3d
Thu 21 Mar 2024 07:56:11 PM UTC: 
 exercises.c | 18 +-----------------
 1 file changed, 1 insertion(+), 17 deletions(-)
 tests:  1|4
total_score: 10/70
e8fb93e
Thu 21 Mar 2024 08:05:18 PM UTC: 
 exercises.c | 14 ++++++++++++++
 1 file changed, 14 insertions(+)
In file included from test.c:5:
exercises.c: In function ‘eliminaElementos’:
exercises.c:82:4: error: ‘elemento’ undeclared (first use in this function)
   82 |   *elemento = (int*)first(L);
      |    ^~~~~~~~
exercises.c:82:4: note: each undeclared identifier is reported only once for each function it appears in
exercises.c:85:29: error: expected statement before ‘)’ token
   85 |       if (elem == *elemento))
      |                             ^
Compilation failed
7d4bb36
Thu 21 Mar 2024 08:05:26 PM UTC: 
 exercises.c | 2 +-
 1 file changed, 1 insertion(+), 1 deletion(-)
In file included from test.c:5:
exercises.c: In function ‘eliminaElementos’:
exercises.c:82:4: error: ‘elemento’ undeclared (first use in this function)
   82 |   *elemento = (int*)first(L);
      |    ^~~~~~~~
exercises.c:82:4: note: each undeclared identifier is reported only once for each function it appears in
Compilation failed
9d73f41
Thu 21 Mar 2024 08:05:40 PM UTC: 
 exercises.c | 2 +-
 1 file changed, 1 insertion(+), 1 deletion(-)
 tests:  2|3
total_score: 30/70
714df70
Thu 21 Mar 2024 08:09:12 PM UTC: 
 exercises.c | 9 ++++++++-
 1 file changed, 8 insertions(+), 1 deletion(-)
 tests:  2|3
total_score: 30/70
9eb90d3
Thu 21 Mar 2024 08:10:18 PM UTC: 
 exercises.c | 2 +-
 1 file changed, 1 insertion(+), 1 deletion(-)
 tests:  0|0
3d4e325
Thu 21 Mar 2024 08:11:46 PM UTC: 
 exercises.c | 2 +-
 1 file changed, 1 insertion(+), 1 deletion(-)
 tests:  0|0
e3c0e0e
Thu 21 Mar 2024 08:20:57 PM UTC: 
 exercises.c | 13 +++++++++++--
 1 file changed, 11 insertions(+), 2 deletions(-)
 tests:  2|3
total_score: 30/70
e2b16fa
Thu 21 Mar 2024 08:31:27 PM UTC: 
 exercises.c | 17 +++++++----------
 1 file changed, 7 insertions(+), 10 deletions(-)
 tests:  3|2
total_score: 40/70
2472ccb
Fri 22 Mar 2024 08:13:01 PM UTC: 
 exercises.c | 13 +++++++++++++
 1 file changed, 13 insertions(+)
In file included from test.c:5:
exercises.c: In function ‘crea_lista’:
exercises.c:55:31: error: void value not ignored as it ought to be
   55 |         if (elemento == NULL) exit(EXIT_FAILURE)
      |                               ^~~~~~~~~~~~~~~~~~
Compilation failed
fd53156
Fri 22 Mar 2024 08:13:14 PM UTC: 
 exercises.c | 2 +-
 1 file changed, 1 insertion(+), 1 deletion(-)
 tests:  4|1
total_score: 50/70
3152e34
Fri 22 Mar 2024 08:14:13 PM UTC: 
 exercises.c | 2 +-
 1 file changed, 1 insertion(+), 1 deletion(-)
 tests:  3|2
total_score: 40/70
d12d1e2
Fri 22 Mar 2024 08:14:26 PM UTC: 
 exercises.c | 2 +-
 1 file changed, 1 insertion(+), 1 deletion(-)
In file included from test.c:5:
exercises.c: In function ‘crea_lista’:
exercises.c:53:14: error: expected identifier or ‘(’ before numeric constant
   53 |     for (int 1 = 0; i <= 10; i++) {
      |              ^
exercises.c:53:21: error: ‘i’ undeclared (first use in this function)
   53 |     for (int 1 = 0; i <= 10; i++) {
      |                     ^
exercises.c:53:21: note: each undeclared identifier is reported only once for each function it appears in
Compilation failed
5637b3a
Fri 22 Mar 2024 08:14:41 PM UTC: 
 exercises.c | 2 +-
 1 file changed, 1 insertion(+), 1 deletion(-)
 tests:  4|1
total_score: 50/70
b9eff4b
Fri 22 Mar 2024 08:15:12 PM UTC: 
 exercises.c | 5 +----
 1 file changed, 1 insertion(+), 4 deletions(-)
 tests:  4|1
total_score: 50/70
349a3de
Fri 22 Mar 2024 08:16:46 PM UTC: 
 exercises.c | 4 +---
 1 file changed, 1 insertion(+), 3 deletions(-)
 tests:  4|1
total_score: 50/70
8b8b785
Fri 22 Mar 2024 08:19:10 PM UTC: 
 exercises.c | 2 +-
 1 file changed, 1 insertion(+), 1 deletion(-)
In file included from test.c:5:
exercises.c: In function ‘crea_lista’:
exercises.c:49:24: error: initialization of ‘int’ from ‘int *’ makes integer from pointer without a cast [-Werror=int-conversion]
   49 |         int elemento = (int*)malloc(10 * sizeof(int));
      |                        ^
exercises.c:50:22: error: comparison between pointer and integer [-Werror]
   50 |         if (elemento == NULL) exit(EXIT_FAILURE);
      |                      ^~
exercises.c:51:9: error: invalid type argument of unary ‘*’ (have ‘int’)
   51 |         *elemento = i;
      |         ^~~~~~~~~
exercises.c:52:21: error: passing argument 2 of ‘pushBack’ makes pointer from integer without a cast [-Werror=int-conversion]
   52 |         pushBack(L, elemento);
      |                     ^~~~~~~~
      |                     |
      |                     int
In file included from exercises.c:6,
                 from test.c:5:
arraylist.h:20:30: note: expected ‘void *’ but argument is of type ‘int’
   20 | void pushBack(List *L, void *dato);
      |                        ~~~~~~^~~~
cc1: all warnings being treated as errors
Compilation failed
e03146b
Fri 22 Mar 2024 08:19:16 PM UTC: 
 exercises.c | 2 +-
 1 file changed, 1 insertion(+), 1 deletion(-)
 tests:  4|1
total_score: 50/70
b108c48
Fri 22 Mar 2024 08:21:00 PM UTC: 
 exercises.c | 2 +-
 1 file changed, 1 insertion(+), 1 deletion(-)
 tests:  4|1
total_score: 50/70
1511ba6
Fri 22 Mar 2024 08:21:29 PM UTC: 
 exercises.c | 2 +-
 1 file changed, 1 insertion(+), 1 deletion(-)
 tests:  4|1
total_score: 50/70
fa305dc
Fri 22 Mar 2024 08:22:45 PM UTC: 
 exercises.c | 2 +-
 1 file changed, 1 insertion(+), 1 deletion(-)
 tests:  4|1
total_score: 50/70
9f06a11
Sun 24 Mar 2024 02:06:18 AM UTC: 
 exercises.c | 27 ++++++++++++++++++++++++++-
 1 file changed, 26 insertions(+), 1 deletion(-)
In file included from test.c:5:
exercises.c: In function ‘cadena_balanceada’:
exercises.c:138:17: error: implicit declaration of function ‘createStack’; did you mean ‘create_stack’? [-Werror=implicit-function-declaration]
  138 |   Stack* pila = createStack();
      |                 ^~~~~~~~~~~
      |                 create_stack
exercises.c:138:17: error: initialization of ‘Stack *’ {aka ‘List *’} from ‘int’ makes pointer from integer without a cast [-Werror=int-conversion]
exercises.c:147:19: error: called object ‘top’ is not a function or function pointer
  147 |       char *top = top(pila);
      |                   ^~~
exercises.c:147:13: note: declared here
  147 |       char *top = top(pila);
      |             ^~~
exercises.c:152:35: error: called object ‘top’ is not a function or function pointer
  152 |         char parentesisApertura = top(pila);
      |                                   ^~~
exercises.c:147:13: note: declared here
  147 |       char *top = top(pila);
      |             ^~~
exercises.c:154:39: error: suggest parentheses around ‘&&’ within ‘||’ [-Werror=parentheses]
  154 |         if (parentesisApertura == '(' && c == ')' || parentesisApertura == '[' && c == ']' || parentesisApertura == '{' && c == '}'){
      |             ~~~~~~~~~~~~~~~~~~~~~~~~~~^~~~~~~~~~~
exercises.c:154:121: error: suggest parentheses around ‘&&’ within ‘||’ [-Werror=parentheses]
  154 |         if (parentesisApertura == '(' && c == ')' || parentesisApertura == '[' && c == ']' || parentesisApertura == '{' && c == '}'){
      |                                                                                               ~~~~~~~~~~~~~~~~~~~~~~~~~~^~~~~~~~~~~
test.c: In function ‘test_parentesis_balanceados’:
test.c:217:9: error: implicit declaration of function ‘parentesisBalanceados’; did you mean ‘test_parentesis_balanceados’? [-Werror=implicit-function-declaration]
  217 |     if(!parentesisBalanceados(s)){
      |         ^~~~~~~~~~~~~~~~~~~~~
      |         test_parentesis_balanceados
cc1: all warnings being treated as errors
Compilation failed
7e434a6
Sun 24 Mar 2024 02:08:37 AM UTC: 
 exercises.c | 6 +++---
 1 file changed, 3 insertions(+), 3 deletions(-)
In file included from test.c:5:
exercises.c: In function ‘cadena_balanceada’:
exercises.c:138:17: error: implicit declaration of function ‘createStack’; did you mean ‘create_stack’? [-Werror=implicit-function-declaration]
  138 |   Stack* pila = createStack();
      |                 ^~~~~~~~~~~
      |                 create_stack
exercises.c:138:17: error: initialization of ‘Stack *’ {aka ‘List *’} from ‘int’ makes pointer from integer without a cast [-Werror=int-conversion]
exercises.c:147:19: error: called object ‘top’ is not a function or function pointer
  147 |       char *top = top(pila);
      |                   ^~~
exercises.c:147:13: note: declared here
  147 |       char *top = top(pila);
      |             ^~~
exercises.c:152:35: error: called object ‘top’ is not a function or function pointer
  152 |         char parentesisApertura = top(pila);
      |                                   ^~~
exercises.c:147:13: note: declared here
  147 |       char *top = top(pila);
      |             ^~~
exercises.c:154:50: error: expected ‘)’ before ‘{’ token
  154 |         if (parentesisApertura == '(' && c == ')' {
      |            ~                                     ^~
      |                                                  )
exercises.c:161:7: error: expected expression before ‘}’ token
  161 |       }
      |       ^
test.c: In function ‘test_parentesis_balanceados’:
test.c:217:9: error: implicit declaration of function ‘parentesisBalanceados’; did you mean ‘test_parentesis_balanceados’? [-Werror=implicit-function-declaration]
  217 |     if(!parentesisBalanceados(s)){
      |         ^~~~~~~~~~~~~~~~~~~~~
      |         test_parentesis_balanceados
cc1: all warnings being treated as errors
Compilation failed
36ec664
Sun 24 Mar 2024 02:09:29 AM UTC: 
 exercises.c | 2 +-
 1 file changed, 1 insertion(+), 1 deletion(-)
In file included from test.c:5:
exercises.c: In function ‘parentesisBalanceados’:
exercises.c:138:17: error: implicit declaration of function ‘createStack’; did you mean ‘create_stack’? [-Werror=implicit-function-declaration]
  138 |   Stack* pila = createStack();
      |                 ^~~~~~~~~~~
      |                 create_stack
exercises.c:138:17: error: initialization of ‘Stack *’ {aka ‘List *’} from ‘int’ makes pointer from integer without a cast [-Werror=int-conversion]
exercises.c:147:19: error: called object ‘top’ is not a function or function pointer
  147 |       char *top = top(pila);
      |                   ^~~
exercises.c:147:13: note: declared here
  147 |       char *top = top(pila);
      |             ^~~
exercises.c:152:35: error: called object ‘top’ is not a function or function pointer
  152 |         char parentesisApertura = top(pila);
      |                                   ^~~
exercises.c:147:13: note: declared here
  147 |       char *top = top(pila);
      |             ^~~
exercises.c:154:50: error: expected ‘)’ before ‘{’ token
  154 |         if (parentesisApertura == '(' && c == ')' {
      |            ~                                     ^~
      |                                                  )
exercises.c:161:7: error: expected expression before ‘}’ token
  161 |       }
      |       ^
cc1: all warnings being treated as errors
Compilation failed
9090fde
Sun 24 Mar 2024 02:09:54 AM UTC: 
 exercises.c | 4 ++--
 1 file changed, 2 insertions(+), 2 deletions(-)
In file included from test.c:5:
exercises.c: In function ‘parentesisBalanceados’:
exercises.c:138:17: error: implicit declaration of function ‘createStack’; did you mean ‘create_stack’? [-Werror=implicit-function-declaration]
  138 |   Stack* pila = createStack();
      |                 ^~~~~~~~~~~
      |                 create_stack
exercises.c:138:17: error: initialization of ‘Stack *’ {aka ‘List *’} from ‘int’ makes pointer from integer without a cast [-Werror=int-conversion]
exercises.c:147:19: error: called object ‘top’ is not a function or function pointer
  147 |       char *top = top(pila);
      |                   ^~~
exercises.c:147:13: note: declared here
  147 |       char *top = top(pila);
      |             ^~~
exercises.c:152:38: error: called object ‘top’ is not a function or function pointer
  152 |         char parentesisBalanceados = top(pila);
      |                                      ^~~
exercises.c:147:13: note: declared here
  147 |       char *top = top(pila);
      |             ^~~
exercises.c:154:53: error: expected ‘)’ before ‘{’ token
  154 |         if (parentesisBalanceados == '(' && c == ')' {
      |            ~                                        ^~
      |                                                     )
exercises.c:161:7: error: expected expression before ‘}’ token
  161 |       }
      |       ^
cc1: all warnings being treated as errors
Compilation failed
9a1a080
Sun 24 Mar 2024 02:10:52 AM UTC: 
 exercises.c | 26 ++++++++++++--------------
 1 file changed, 12 insertions(+), 14 deletions(-)
In file included from test.c:5:
exercises.c: In function ‘parentesisBalanceados’:
exercises.c:138:19: error: implicit declaration of function ‘createStack’; did you mean ‘create_stack’? [-Werror=implicit-function-declaration]
  138 |     Stack* pila = createStack();
      |                   ^~~~~~~~~~~
      |                   create_stack
exercises.c:138:19: error: initialization of ‘Stack *’ {aka ‘List *’} from ‘int’ makes pointer from integer without a cast [-Werror=int-conversion]
exercises.c:143:24: error: passing argument 2 of ‘push’ makes pointer from integer without a cast [-Werror=int-conversion]
  143 |             push(pila, c);
      |                        ^
      |                        |
      |                        char
In file included from exercises.c:7,
                 from test.c:5:
stack.h:11:31: note: expected ‘void *’ but argument is of type ‘char’
   11 | void push(Stack *stack, void *data) { pushFront(stack, data); }
      |                         ~~~~~~^~~~
In file included from test.c:5:
exercises.c:145:17: error: implicit declaration of function ‘isEmpty’ [-Werror=implicit-function-declaration]
  145 |             if (isEmpty(pila)) {
      |                 ^~~~~~~
exercises.c:149:32: error: initialization of ‘char’ from ‘void *’ makes integer from pointer without a cast [-Werror=int-conversion]
  149 |                 char topChar = top(pila); a
      |                                ^~~
exercises.c:149:43: error: ‘a’ undeclared (first use in this function)
  149 |                 char topChar = top(pila); a
      |                                           ^
exercises.c:149:43: note: each undeclared identifier is reported only once for each function it appears in
exercises.c:149:44: error: expected ‘;’ before ‘if’
  149 |                 char topChar = top(pila); a
      |                                            ^
      |                                            ;
  150 |                 if (topChar == '(') {
      |                 ~~                          
exercises.c:149:22: error: unused variable ‘topChar’ [-Werror=unused-variable]
  149 |                 char topChar = top(pila); a
      |                      ^~~~~~~
cc1: all warnings being treated as errors
Compilation failed
ccc4b99
Sun 24 Mar 2024 02:11:03 AM UTC: 
 exercises.c | 2 +-
 1 file changed, 1 insertion(+), 1 deletion(-)
In file included from test.c:5:
exercises.c: In function ‘parentesisBalanceados’:
exercises.c:138:19: error: implicit declaration of function ‘createStack’; did you mean ‘create_stack’? [-Werror=implicit-function-declaration]
  138 |     Stack* pila = createStack();
      |                   ^~~~~~~~~~~
      |                   create_stack
exercises.c:138:19: error: initialization of ‘Stack *’ {aka ‘List *’} from ‘int’ makes pointer from integer without a cast [-Werror=int-conversion]
exercises.c:143:24: error: passing argument 2 of ‘push’ makes pointer from integer without a cast [-Werror=int-conversion]
  143 |             push(pila, c);
      |                        ^
      |                        |
      |                        char
In file included from exercises.c:7,
                 from test.c:5:
stack.h:11:31: note: expected ‘void *’ but argument is of type ‘char’
   11 | void push(Stack *stack, void *data) { pushFront(stack, data); }
      |                         ~~~~~~^~~~
In file included from test.c:5:
exercises.c:145:17: error: implicit declaration of function ‘isEmpty’ [-Werror=implicit-function-declaration]
  145 |             if (isEmpty(pila)) {
      |                 ^~~~~~~
exercises.c:149:32: error: initialization of ‘char’ from ‘void *’ makes integer from pointer without a cast [-Werror=int-conversion]
  149 |                 char topChar = top(pila);
      |                                ^~~
cc1: all warnings being treated as errors
Compilation failed
391e502
Sun 24 Mar 2024 02:13:05 AM UTC: 
 exercises.c | 30 +++++++++++-------------------
 1 file changed, 11 insertions(+), 19 deletions(-)
 tests:  7|1
total_score: 60/70
4ffb5ec
Sun 24 Mar 2024 02:14:11 AM UTC: 
 exercises.c | 7 +++++--
 1 file changed, 5 insertions(+), 2 deletions(-)
In file included from test.c:6:
arraylist.c: In function ‘create_list’:
arraylist.c:15:34: error: invalid application of ‘sizeof’ to incomplete type ‘List’
   15 |   List* L = (List*)malloc(sizeof(List));
      |                                  ^~~~
arraylist.c:16:4: error: invalid use of incomplete typedef ‘List’
   16 |   L->current = 0;
      |    ^~
arraylist.c:17:4: error: invalid use of incomplete typedef ‘List’
   17 |   L->size = 0;
      |    ^~
arraylist.c: In function ‘first’:
arraylist.c:22:7: error: invalid use of incomplete typedef ‘List’
   22 |   if(L->size == 0) {
      |       ^~
arraylist.c:25:4: error: invalid use of incomplete typedef ‘List’
   25 |   L->current = 0;
      |    ^~
arraylist.c:26:11: error: invalid use of incomplete typedef ‘List’
   26 |   return L->data[L->current];
      |           ^~
arraylist.c:26:19: error: invalid use of incomplete typedef ‘List’
   26 |   return L->data[L->current];
      |                   ^~
arraylist.c: In function ‘next’:
arraylist.c:30:7: error: invalid use of incomplete typedef ‘List’
   30 |   if(L->current < L->size - 1) {
      |       ^~
arraylist.c:30:20: error: invalid use of incomplete typedef ‘List’
   30 |   if(L->current < L->size - 1) {
      |                    ^~
arraylist.c:31:6: error: invalid use of incomplete typedef ‘List’
   31 |     L->current++;
      |      ^~
arraylist.c:32:13: error: invalid use of incomplete typedef ‘List’
   32 |     return L->data[L->current];
      |             ^~
arraylist.c:32:21: error: invalid use of incomplete typedef ‘List’
   32 |     return L->data[L->current];
      |                     ^~
arraylist.c: In function ‘pushFront’:
arraylist.c:38:7: error: invalid use of incomplete typedef ‘List’
   38 |   if(L->size == 0) {
      |       ^~
arraylist.c:39:6: error: invalid use of incomplete typedef ‘List’
   39 |     L->data[0] = dato;
      |      ^~
arraylist.c:40:6: error: invalid use of incomplete typedef ‘List’
   40 |     L->size++;
      |      ^~
arraylist.c:43:16: error: invalid use of incomplete typedef ‘List’
   43 |   for(int i = L->size; i > 0; i--) {
      |                ^~
arraylist.c:44:6: error: invalid use of incomplete typedef ‘List’
   44 |     L->data[i] = L->data[i - 1];
      |      ^~
arraylist.c:44:19: error: invalid use of incomplete typedef ‘List’
   44 |     L->data[i] = L->data[i - 1];
      |                   ^~
arraylist.c:46:4: error: invalid use of incomplete typedef ‘List’
   46 |   L->data[0] = dato;
      |    ^~
arraylist.c:47:4: error: invalid use of incomplete typedef ‘List’
   47 |   L->size++;
      |    ^~
arraylist.c: In function ‘pushBack’:
arraylist.c:51:4: error: invalid use of incomplete typedef ‘List’
   51 |   L->data[L->size] = dato;
      |    ^~
arraylist.c:51:12: error: invalid use of incomplete typedef ‘List’
   51 |   L->data[L->size] = dato;
      |            ^~
arraylist.c:52:4: error: invalid use of incomplete typedef ‘List’
   52 |   L->size++;
      |    ^~
arraylist.c: In function ‘pushCurrent’:
arraylist.c:56:7: error: invalid use of incomplete typedef ‘List’
   56 |   if(L->size == 0) {
      |       ^~
arraylist.c:57:6: error: invalid use of incomplete typedef ‘List’
   57 |     L->data[0] = dato;
      |      ^~
arraylist.c:58:6: error: invalid use of incomplete typedef ‘List’
   58 |     L->size++;
      |      ^~
arraylist.c:61:16: error: invalid use of incomplete typedef ‘List’
   61 |   for(int i = L->size; i > L->current; i--) {
      |                ^~
arraylist.c:61:29: error: invalid use of incomplete typedef ‘List’
   61 |   for(int i = L->size; i > L->current; i--) {
      |                             ^~
arraylist.c:62:6: error: invalid use of incomplete typedef ‘List’
   62 |     L->data[i] = L->data[i - 1];
      |      ^~
arraylist.c:62:19: error: invalid use of incomplete typedef ‘List’
   62 |     L->data[i] = L->data[i - 1];
      |                   ^~
arraylist.c:64:4: error: invalid use of incomplete typedef ‘List’
   64 |   L->data[L->current + 1] = dato;
      |    ^~
arraylist.c:64:12: error: invalid use of incomplete typedef ‘List’
   64 |   L->data[L->current + 1] = dato;
      |            ^~
arraylist.c:65:4: error: invalid use of incomplete typedef ‘List’
   65 |   L->size++;
      |    ^~
arraylist.c: In function ‘popFront’:
arraylist.c:69:7: error: invalid use of incomplete typedef ‘List’
   69 |   if(L->size == 0) {
      |       ^~
arraylist.c:72:17: error: invalid use of incomplete typedef ‘List’
   72 |   void* dato = L->data[0];
      |                 ^~
arraylist.c:73:23: error: invalid use of incomplete typedef ‘List’
   73 |   for(int i = 0; i < L->size - 1; i++) {
      |                       ^~
arraylist.c:74:6: error: invalid use of incomplete typedef ‘List’
   74 |     L->data[i] = L->data[i + 1];
      |      ^~
arraylist.c:74:19: error: invalid use of incomplete typedef ‘List’
   74 |     L->data[i] = L->data[i + 1];
      |                   ^~
arraylist.c:76:4: error: invalid use of incomplete typedef ‘List’
   76 |   L->size--;
      |    ^~
arraylist.c: In function ‘popBack’:
arraylist.c:81:7: error: invalid use of incomplete typedef ‘List’
   81 |   if(L->size == 0) {
      |       ^~
arraylist.c:84:17: error: invalid use of incomplete typedef ‘List’
   84 |   void* dato = L->data[L->size - 1];
      |                 ^~
arraylist.c:84:25: error: invalid use of incomplete typedef ‘List’
   84 |   void* dato = L->data[L->size - 1];
      |                         ^~
arraylist.c:85:4: error: invalid use of incomplete typedef ‘List’
   85 |   L->size--;
      |    ^~
arraylist.c: In function ‘popCurrent’:
arraylist.c:90:7: error: invalid use of incomplete typedef ‘List’
   90 |   if(L->size == 0) {
      |       ^~
arraylist.c:93:17: error: invalid use of incomplete typedef ‘List’
   93 |   void* dato = L->data[L->current];
      |                 ^~
arraylist.c:93:25: error: invalid use of incomplete typedef ‘List’
   93 |   void* dato = L->data[L->current];
      |                         ^~
arraylist.c:94:16: error: invalid use of incomplete typedef ‘List’
   94 |   for(int i = L->current; i < L->size - 1; i++) {
      |                ^~
arraylist.c:94:32: error: invalid use of incomplete typedef ‘List’
   94 |   for(int i = L->current; i < L->size - 1; i++) {
      |                                ^~
arraylist.c:95:6: error: invalid use of incomplete typedef ‘List’
   95 |     L->data[i] = L->data[i + 1];
      |      ^~
arraylist.c:95:19: error: invalid use of incomplete typedef ‘List’
   95 |     L->data[i] = L->data[i + 1];
      |                   ^~
arraylist.c:97:4: error: invalid use of incomplete typedef ‘List’
   97 |   L->size--;
      |    ^~
arraylist.c:98:4: error: invalid use of incomplete typedef ‘List’
   98 |   L->current--;
      |    ^~
arraylist.c: In function ‘get_size’:
arraylist.c:103:11: error: invalid use of incomplete typedef ‘List’
  103 |   return L->size;
      |           ^~
test.c: In function ‘parentesisBalanceados’:
test.c:253:5: error: ‘main’ is normally a non-static function [-Werror=main]
  253 | int main( int argc, char *argv[] ) {
      |     ^~~~
test.c:271:1: error: expected declaration or statement at end of input
  271 | }
      | ^
In file included from test.c:6:
arraylist.c: In function ‘first’:
arraylist.c:27:1: error: control reaches end of non-void function [-Werror=return-type]
   27 | }
      | ^
At top level:
test.c:253:5: error: ‘main’ defined but not used [-Werror=unused-function]
  253 | int main( int argc, char *argv[] ) {
      |     ^~~~
test.c:37:6: error: ‘info_msg’ defined but not used [-Werror=unused-function]
   37 | void info_msg(char* msg){
      |      ^~~~~~~~
In file included from test.c:6:
arraylist.c:102:5: error: ‘get_size’ defined but not used [-Werror=unused-function]
  102 | int get_size(List *L) {
      |     ^~~~~~~~
arraylist.c:89:7: error: ‘popCurrent’ defined but not used [-Werror=unused-function]
   89 | void* popCurrent(List *L) {
      |       ^~~~~~~~~~
arraylist.c:80:7: error: ‘popBack’ defined but not used [-Werror=unused-function]
   80 | void* popBack(List *L) {
      |       ^~~~~~~
arraylist.c:68:7: error: ‘popFront’ defined but not used [-Werror=unused-function]
   68 | void* popFront(List *L) {
      |       ^~~~~~~~
arraylist.c:55:6: error: ‘pushCurrent’ defined but not used [-Werror=unused-function]
   55 | void pushCurrent(List *L, void *dato) {
      |      ^~~~~~~~~~~
arraylist.c:37:6: error: ‘pushFront’ defined but not used [-Werror=unused-function]
   37 | void pushFront(List *L, void *dato) {
      |      ^~~~~~~~~
cc1: all warnings being treated as errors
Compilation failed
ab5e34f
Sun 24 Mar 2024 02:17:24 AM UTC: 
 exercises.c | 26 +++++++++++++++++++-------
 1 file changed, 19 insertions(+), 7 deletions(-)
 tests:  7|1
total_score: 60/70
59a69c3
Sun 24 Mar 2024 02:18:01 AM UTC: 
 exercises.c | 4 ++--
 1 file changed, 2 insertions(+), 2 deletions(-)
 tests:  4|1
total_score: 50/70
140a363
Sun 24 Mar 2024 02:18:09 AM UTC: 
 exercises.c | 4 ++--
 1 file changed, 2 insertions(+), 2 deletions(-)
 tests:  7|1
total_score: 60/70
246586d
Sun 24 Mar 2024 02:19:27 AM UTC: 
 exercises.c | 2 +-
 1 file changed, 1 insertion(+), 1 deletion(-)
 tests:  7|1
total_score: 60/70
5d14f75
Sun 24 Mar 2024 02:27:45 AM UTC: 
 exercises.c | 53 ++++++++++++++++++++++++-----------------------------
 1 file changed, 24 insertions(+), 29 deletions(-)
 tests:  9|0
total_score: 70/70
03b3bc0
Sun 24 Mar 2024 02:28:02 AM UTC: 
 exercises.c | 6 ------
 1 file changed, 6 deletions(-)
In file included from test.c:5:
exercises.c: In function ‘parentesisBalanceados’:
exercises.c:160:1: error: control reaches end of non-void function [-Werror=return-type]
  160 | }
      | ^
cc1: all warnings being treated as errors
Compilation failed
a72b0b5
Sun 24 Mar 2024 02:28:31 AM UTC: 
 exercises.c | 6 ++++++
 1 file changed, 6 insertions(+)
In file included from test.c:5:
exercises.c: In function ‘parentesisBalanceados’:
exercises.c:159:7: error: unused variable ‘balanceados’ [-Werror=unused-variable]
  159 |   int balanceados = (get_size(pila) == 0);
      |       ^~~~~~~~~~~
cc1: all warnings being treated as errors
Compilation failed
72741ae
Sun 24 Mar 2024 02:28:45 AM UTC: 
 exercises.c | 2 +-
 1 file changed, 1 insertion(+), 1 deletion(-)
 tests:  5|1
total_score: 50/70
5111e38
Sun 24 Mar 2024 02:30:26 AM UTC: 
 exercises.c | 1 +
 1 file changed, 1 insertion(+)
In file included from test.c:5:
exercises.c:167:1: error: expected identifier or ‘(’ before ‘}’ token
  167 | }
      | ^
Compilation failed
d818c9c
Sun 24 Mar 2024 02:30:35 AM UTC: 
 exercises.c | 2 +-
 1 file changed, 1 insertion(+), 1 deletion(-)
 tests:  5|1
total_score: 50/70
b018b27
Sun 24 Mar 2024 02:31:53 AM UTC: 
 exercises.c | 8 ++------
 1 file changed, 2 insertions(+), 6 deletions(-)
In file included from test.c:5:
exercises.c: In function ‘parentesisBalanceados’:
exercises.c:163:1: error: control reaches end of non-void function [-Werror=return-type]
  163 | }
      | ^
cc1: all warnings being treated as errors
Compilation failed
89760c6
Sun 24 Mar 2024 02:32:10 AM UTC: 
 exercises.c | 2 +-
 1 file changed, 1 insertion(+), 1 deletion(-)
In file included from test.c:6:
arraylist.c: In function ‘create_list’:
arraylist.c:15:34: error: invalid application of ‘sizeof’ to incomplete type ‘List’
   15 |   List* L = (List*)malloc(sizeof(List));
      |                                  ^~~~
arraylist.c:16:4: error: invalid use of incomplete typedef ‘List’
   16 |   L->current = 0;
      |    ^~
arraylist.c:17:4: error: invalid use of incomplete typedef ‘List’
   17 |   L->size = 0;
      |    ^~
arraylist.c: In function ‘first’:
arraylist.c:22:7: error: invalid use of incomplete typedef ‘List’
   22 |   if(L->size == 0) {
      |       ^~
arraylist.c:25:4: error: invalid use of incomplete typedef ‘List’
   25 |   L->current = 0;
      |    ^~
arraylist.c:26:11: error: invalid use of incomplete typedef ‘List’
   26 |   return L->data[L->current];
      |           ^~
arraylist.c:26:19: error: invalid use of incomplete typedef ‘List’
   26 |   return L->data[L->current];
      |                   ^~
arraylist.c: In function ‘next’:
arraylist.c:30:7: error: invalid use of incomplete typedef ‘List’
   30 |   if(L->current < L->size - 1) {
      |       ^~
arraylist.c:30:20: error: invalid use of incomplete typedef ‘List’
   30 |   if(L->current < L->size - 1) {
      |                    ^~
arraylist.c:31:6: error: invalid use of incomplete typedef ‘List’
   31 |     L->current++;
      |      ^~
arraylist.c:32:13: error: invalid use of incomplete typedef ‘List’
   32 |     return L->data[L->current];
      |             ^~
arraylist.c:32:21: error: invalid use of incomplete typedef ‘List’
   32 |     return L->data[L->current];
      |                     ^~
arraylist.c: In function ‘pushFront’:
arraylist.c:38:7: error: invalid use of incomplete typedef ‘List’
   38 |   if(L->size == 0) {
      |       ^~
arraylist.c:39:6: error: invalid use of incomplete typedef ‘List’
   39 |     L->data[0] = dato;
      |      ^~
arraylist.c:40:6: error: invalid use of incomplete typedef ‘List’
   40 |     L->size++;
      |      ^~
arraylist.c:43:16: error: invalid use of incomplete typedef ‘List’
   43 |   for(int i = L->size; i > 0; i--) {
      |                ^~
arraylist.c:44:6: error: invalid use of incomplete typedef ‘List’
   44 |     L->data[i] = L->data[i - 1];
      |      ^~
arraylist.c:44:19: error: invalid use of incomplete typedef ‘List’
   44 |     L->data[i] = L->data[i - 1];
      |                   ^~
arraylist.c:46:4: error: invalid use of incomplete typedef ‘List’
   46 |   L->data[0] = dato;
      |    ^~
arraylist.c:47:4: error: invalid use of incomplete typedef ‘List’
   47 |   L->size++;
      |    ^~
arraylist.c: In function ‘pushBack’:
arraylist.c:51:4: error: invalid use of incomplete typedef ‘List’
   51 |   L->data[L->size] = dato;
      |    ^~
arraylist.c:51:12: error: invalid use of incomplete typedef ‘List’
   51 |   L->data[L->size] = dato;
      |            ^~
arraylist.c:52:4: error: invalid use of incomplete typedef ‘List’
   52 |   L->size++;
      |    ^~
arraylist.c: In function ‘pushCurrent’:
arraylist.c:56:7: error: invalid use of incomplete typedef ‘List’
   56 |   if(L->size == 0) {
      |       ^~
arraylist.c:57:6: error: invalid use of incomplete typedef ‘List’
   57 |     L->data[0] = dato;
      |      ^~
arraylist.c:58:6: error: invalid use of incomplete typedef ‘List’
   58 |     L->size++;
      |      ^~
arraylist.c:61:16: error: invalid use of incomplete typedef ‘List’
   61 |   for(int i = L->size; i > L->current; i--) {
      |                ^~
arraylist.c:61:29: error: invalid use of incomplete typedef ‘List’
   61 |   for(int i = L->size; i > L->current; i--) {
      |                             ^~
arraylist.c:62:6: error: invalid use of incomplete typedef ‘List’
   62 |     L->data[i] = L->data[i - 1];
      |      ^~
arraylist.c:62:19: error: invalid use of incomplete typedef ‘List’
   62 |     L->data[i] = L->data[i - 1];
      |                   ^~
arraylist.c:64:4: error: invalid use of incomplete typedef ‘List’
   64 |   L->data[L->current + 1] = dato;
      |    ^~
arraylist.c:64:12: error: invalid use of incomplete typedef ‘List’
   64 |   L->data[L->current + 1] = dato;
      |            ^~
arraylist.c:65:4: error: invalid use of incomplete typedef ‘List’
   65 |   L->size++;
      |    ^~
arraylist.c: In function ‘popFront’:
arraylist.c:69:7: error: invalid use of incomplete typedef ‘List’
   69 |   if(L->size == 0) {
      |       ^~
arraylist.c:72:17: error: invalid use of incomplete typedef ‘List’
   72 |   void* dato = L->data[0];
      |                 ^~
arraylist.c:73:23: error: invalid use of incomplete typedef ‘List’
   73 |   for(int i = 0; i < L->size - 1; i++) {
      |                       ^~
arraylist.c:74:6: error: invalid use of incomplete typedef ‘List’
   74 |     L->data[i] = L->data[i + 1];
      |      ^~
arraylist.c:74:19: error: invalid use of incomplete typedef ‘List’
   74 |     L->data[i] = L->data[i + 1];
      |                   ^~
arraylist.c:76:4: error: invalid use of incomplete typedef ‘List’
   76 |   L->size--;
      |    ^~
arraylist.c: In function ‘popBack’:
arraylist.c:81:7: error: invalid use of incomplete typedef ‘List’
   81 |   if(L->size == 0) {
      |       ^~
arraylist.c:84:17: error: invalid use of incomplete typedef ‘List’
   84 |   void* dato = L->data[L->size - 1];
      |                 ^~
arraylist.c:84:25: error: invalid use of incomplete typedef ‘List’
   84 |   void* dato = L->data[L->size - 1];
      |                         ^~
arraylist.c:85:4: error: invalid use of incomplete typedef ‘List’
   85 |   L->size--;
      |    ^~
arraylist.c: In function ‘popCurrent’:
arraylist.c:90:7: error: invalid use of incomplete typedef ‘List’
   90 |   if(L->size == 0) {
      |       ^~
arraylist.c:93:17: error: invalid use of incomplete typedef ‘List’
   93 |   void* dato = L->data[L->current];
      |                 ^~
arraylist.c:93:25: error: invalid use of incomplete typedef ‘List’
   93 |   void* dato = L->data[L->current];
      |                         ^~
arraylist.c:94:16: error: invalid use of incomplete typedef ‘List’
   94 |   for(int i = L->current; i < L->size - 1; i++) {
      |                ^~
arraylist.c:94:32: error: invalid use of incomplete typedef ‘List’
   94 |   for(int i = L->current; i < L->size - 1; i++) {
      |                                ^~
arraylist.c:95:6: error: invalid use of incomplete typedef ‘List’
   95 |     L->data[i] = L->data[i + 1];
      |      ^~
arraylist.c:95:19: error: invalid use of incomplete typedef ‘List’
   95 |     L->data[i] = L->data[i + 1];
      |                   ^~
arraylist.c:97:4: error: invalid use of incomplete typedef ‘List’
   97 |   L->size--;
      |    ^~
arraylist.c:98:4: error: invalid use of incomplete typedef ‘List’
   98 |   L->current--;
      |    ^~
arraylist.c: In function ‘get_size’:
arraylist.c:103:11: error: invalid use of incomplete typedef ‘List’
  103 |   return L->size;
      |           ^~
test.c: In function ‘parentesisBalanceados’:
test.c:253:5: error: ‘main’ is normally a non-static function [-Werror=main]
  253 | int main( int argc, char *argv[] ) {
      |     ^~~~
test.c:271:1: error: expected declaration or statement at end of input
  271 | }
      | ^
test.c:272: error: control reaches end of non-void function [-Werror=return-type]
In file included from test.c:6:
arraylist.c: In function ‘first’:
arraylist.c:27:1: error: control reaches end of non-void function [-Werror=return-type]
   27 | }
      | ^
At top level:
test.c:253:5: error: ‘main’ defined but not used [-Werror=unused-function]
  253 | int main( int argc, char *argv[] ) {
      |     ^~~~
test.c:37:6: error: ‘info_msg’ defined but not used [-Werror=unused-function]
   37 | void info_msg(char* msg){
      |      ^~~~~~~~
In file included from test.c:6:
arraylist.c:102:5: error: ‘get_size’ defined but not used [-Werror=unused-function]
  102 | int get_size(List *L) {
      |     ^~~~~~~~
arraylist.c:89:7: error: ‘popCurrent’ defined but not used [-Werror=unused-function]
   89 | void* popCurrent(List *L) {
      |       ^~~~~~~~~~
arraylist.c:80:7: error: ‘popBack’ defined but not used [-Werror=unused-function]
   80 | void* popBack(List *L) {
      |       ^~~~~~~
arraylist.c:68:7: error: ‘popFront’ defined but not used [-Werror=unused-function]
   68 | void* popFront(List *L) {
      |       ^~~~~~~~
arraylist.c:55:6: error: ‘pushCurrent’ defined but not used [-Werror=unused-function]
   55 | void pushCurrent(List *L, void *dato) {
      |      ^~~~~~~~~~~
arraylist.c:37:6: error: ‘pushFront’ defined but not used [-Werror=unused-function]
   37 | void pushFront(List *L, void *dato) {
      |      ^~~~~~~~~
cc1: all warnings being treated as errors
Compilation failed
d4aba43
Sun 24 Mar 2024 02:32:14 AM UTC: 
 exercises.c | 2 +-
 1 file changed, 1 insertion(+), 1 deletion(-)
In file included from test.c:5:
exercises.c: In function ‘parentesisBalanceados’:
exercises.c:163:1: error: control reaches end of non-void function [-Werror=return-type]
  163 | }
      | ^
cc1: all warnings being treated as errors
Compilation failed
42a8a48
